<?xml version="1.0" encoding="UTF-8"?>
<!-- Generated by org.testng.reporters.JUnitReportReporter -->
<testsuite hostname="DESKTOP-T6DRP6P" failures="0" tests="1" name="RediffTestCases.RediffLoginTC" time="70.236" errors="0" timestamp="2024-02-27T15:42:22 IST" skipped="0">
  <testcase classname="RediffTestCases.RediffLoginTC" name="rediffLogin" time="70.236"/>
</testsuite> <!-- RediffTestCases.RediffLoginTC -->
