<?xml version="1.0" encoding="UTF-8"?>
<!-- Generated by org.testng.reporters.JUnitReportReporter -->
<testsuite hostname="DESKTOP-T6DRP6P" failures="0" tests="8" name="TestNGPkg.TestNGDataProvider" time="0.054" errors="0" timestamp="2024-02-26T17:23:51 IST" skipped="0">
  <testcase classname="TestNGPkg.TestNGDataProvider" name="testMethod" time="0.004"/>
  <testcase classname="TestNGPkg.TestNGDataProvider" name="testMethod" time="0.004"/>
  <testcase classname="TestNGPkg.TestNGDataProvider" name="testMethod" time="0.012"/>
  <testcase classname="TestNGPkg.TestNGDataProvider" name="testMethod" time="0.002"/>
  <testcase classname="TestNGPkg.TestNGDataProvider" name="testMethod" time="0.004"/>
  <testcase classname="TestNGPkg.TestNGDataProvider" name="testMethod" time="0.012"/>
  <testcase classname="TestNGPkg.TestNGDataProvider" name="testMethod" time="0.003"/>
  <testcase classname="TestNGPkg.TestNGDataProvider" name="testMethod" time="0.013"/>
</testsuite> <!-- TestNGPkg.TestNGDataProvider -->
