<?xml version="1.0" encoding="UTF-8"?>
<!-- Generated by org.testng.reporters.JUnitReportReporter -->
<testsuite hostname="DESKTOP-T6DRP6P" failures="0" tests="2" name="TestNGPkg.TestNGDemo1" time="0.014" errors="0" timestamp="2024-02-26T16:02:49 IST" skipped="0">
  <testcase classname="TestNGPkg.TestNGDemo1" name="bye" time="0.010"/>
  <testcase classname="TestNGPkg.TestNGDemo1" name="welcome" time="0.004"/>
</testsuite> <!-- TestNGPkg.TestNGDemo1 -->
