<?xml version="1.0" encoding="UTF-8"?>
<!-- Generated by org.testng.reporters.JUnitReportReporter -->
<testsuite hostname="DESKTOP-T6DRP6P" failures="0" tests="2" name="TestNGPkg.ParameterDemo" time="0.011" errors="0" timestamp="2024-02-26T16:55:56 IST" skipped="0">
  <testcase classname="TestNGPkg.ParameterDemo" name="sum" time="0.001"/>
  <testcase classname="TestNGPkg.ParameterDemo" name="mul" time="0.010"/>
</testsuite> <!-- TestNGPkg.ParameterDemo -->
