<?xml version="1.0" encoding="UTF-8"?>
<!-- Generated by org.testng.reporters.JUnitReportReporter -->
<testsuite hostname="DESKTOP-T6DRP6P" failures="0" tests="1" name="TestNGPkg.TestNGAnnotationsDemo" time="28.103" errors="0" timestamp="2024-02-26T15:50:06 IST" skipped="0">
  <testcase classname="TestNGPkg.TestNGAnnotationsDemo" name="TC1" time="28.103"/>
</testsuite> <!-- TestNGPkg.TestNGAnnotationsDemo -->
