<?xml version="1.0" encoding="UTF-8"?>
<!-- Generated by org.testng.reporters.JUnitReportReporter -->
<testsuite hostname="DESKTOP-T6DRP6P" failures="0" tests="1" name="TestNGPkg.MathDemo" time="0.003" errors="0" timestamp="2024-02-26T16:02:49 IST" skipped="0">
  <testcase classname="TestNGPkg.MathDemo" name="sum" time="0.003"/>
</testsuite> <!-- TestNGPkg.MathDemo -->
