<?xml version="1.0" encoding="UTF-8"?>
<!-- Generated by org.testng.reporters.JUnitReportReporter -->
<testsuite hostname="DESKTOP-T6DRP6P" failures="0" tests="2" name="TestNGPkg.GoogleDemoTest" time="25.398" errors="0" timestamp="2024-02-26T17:08:21 IST" skipped="0">
  <testcase classname="TestNGPkg.GoogleDemoTest" name="GoogleDemo" time="15.230"/>
  <testcase classname="TestNGPkg.GoogleDemoTest" name="fbDemo" time="10.168"/>
</testsuite> <!-- TestNGPkg.GoogleDemoTest -->
