<?xml version="1.0" encoding="UTF-8"?>
<!-- Generated by org.testng.reporters.JUnitReportReporter -->
<testsuite hostname="DESKTOP-T6DRP6P" failures="0" tests="3" name="TestNGPkg.GroupDependency" time="0.014" errors="0" timestamp="2024-02-26T16:24:33 IST" skipped="0">
  <testcase classname="TestNGPkg.GroupDependency" name="OpenBrowser" time="0.002"/>
  <testcase classname="TestNGPkg.GroupDependency" name="LogIn" time="0.011"/>
  <testcase classname="TestNGPkg.GroupDependency" name="ViewAcc" time="0.001"/>
</testsuite> <!-- TestNGPkg.GroupDependency -->
