<?xml version="1.0" encoding="UTF-8"?>
<!-- Generated by org.testng.reporters.JUnitReportReporter -->
<testsuite hostname="DESKTOP-T6DRP6P" failures="0" tests="1" name="TestNGPkg.DependsTest" time="0.011" errors="0" timestamp="2024-02-26T16:19:41 IST" skipped="0">
  <testcase classname="TestNGPkg.DependsTest" name="openBrowser" time="0.011"/>
</testsuite> <!-- TestNGPkg.DependsTest -->
